  Component.cpp
  DataMSG.cpp
  Framework.cpp
D:\ZolZak\ZolZak\NonSense\Engine\Scene.h(34,95): warning C4390: ';': 제어된 빈 문이 있습니다. 이 문이 필요합니까?
D:\ZolZak\ZolZak\NonSense\Engine\Time.h(13,28): warning C4244: '=': 'ULONGLONG'에서 'int'(으)로 변환하면서 데이터가 손실될 수 있습니다.
D:\ZolZak\ZolZak\NonSense\Engine\Time.h(17,15): warning C4244: '초기화 중': 'ULONGLONG'에서 'int'(으)로 변환하면서 데이터가 손실될 수 있습니다.
  GameObject.cpp
D:\ZolZak\ZolZak\NonSense\Engine\Scene.h(26,4): warning C4150: 불완전한 형식 'GameObject'에 대한 포인터를 삭제했습니다. 소멸자가 호출되지 않습니다.
D:\ZolZak\ZolZak\NonSense\Engine\Component.h(6,8): message : 'GameObject' 선언을 참조하십시오.
D:\ZolZak\ZolZak\NonSense\Engine\Scene.h(34,95): warning C4390: ';': 제어된 빈 문이 있습니다. 이 문이 필요합니까?
  GameState.cpp
  Input.cpp
D:\ZolZak\ZolZak\NonSense\Engine\Input.cpp(13,6): warning C4996: 'kbhit': The POSIX name for this item is deprecated. Instead, use the ISO C and C++ conformant name: _kbhit. See online help for details.
  MSGQueue.cpp
  Output.cpp
  Scene.cpp
D:\ZolZak\ZolZak\NonSense\Engine\Scene.h(34,95): warning C4390: ';': 제어된 빈 문이 있습니다. 이 문이 필요합니까?
  Time.cpp
D:\ZolZak\ZolZak\NonSense\Engine\Time.h(13,28): warning C4244: '=': 'ULONGLONG'에서 'int'(으)로 변환하면서 데이터가 손실될 수 있습니다.
D:\ZolZak\ZolZak\NonSense\Engine\Time.h(17,15): warning C4244: '초기화 중': 'ULONGLONG'에서 'int'(으)로 변환하면서 데이터가 손실될 수 있습니다.
  Vectorint2.cpp
  Engine.vcxproj -> D:\ZolZak\ZolZak\NonSense\x64\Release\Engine.lib
